{
  "stats": {
    "suites": 1,
    "tests": 1,
    "passes": 1,
    "pending": 0,
    "failures": 0,
    "testsRegistered": 1,
    "passPercent": 100,
    "pendingPercent": 0,
    "other": 0,
    "hasOther": false,
    "skipped": 0,
    "hasSkipped": false,
    "start": "2025-02-19T19:46:45.535Z",
    "end": "2025-02-19T19:47:03.728Z",
    "duration": 18193
  },
  "results": [
    {
      "uuid": "0152f5ea-c909-4232-b0f7-c89c7dde553b",
      "title": "",
      "fullFile": "cypress\\e2e\\1-getting-started\\todo.cy.js",
      "file": "cypress\\e2e\\1-getting-started\\todo.cy.js",
      "beforeHooks": [],
      "afterHooks": [],
      "tests": [],
      "suites": [
        {
          "uuid": "f3fb2d37-0916-460f-8843-7b8d4a5de8e4",
          "title": "Header and Footer Buttons and Links Test",
          "fullFile": "",
          "file": "",
          "beforeHooks": [],
          "afterHooks": [],
          "tests": [
            {
              "title": "Login in",
              "fullTitle": "Header and Footer Buttons and Links Test Login in",
              "timedOut": null,
              "duration": 18138,
              "state": "passed",
              "speed": "slow",
              "pass": true,
              "fail": false,
              "pending": false,
              "context": null,
              "code": "cy.get('[class=\"btn btn-outline-white header_signin\"]').click();\ncy.get('#signinEmail').type(Cypress.env('userEmail'));\ncy.get('#signinPassword').type(Cypress.env('userPassword'));\ncy.get('[class=\"btn btn-primary\"]').click();\ncy.contains('Garage').should('be.visible');\ncy.contains('Add car').click();\ncy.get('#addCarBrand').contains('Audi').should('be.visible');\ncy.get('#addCarModel').contains('TT').should('be.visible');\ncy.list_of_brands(['Audi', 'BMW', 'Ford', 'Porsche', 'Fiat']);\ncy.list_of_audi_models(['TT', 'R8', 'Q7', 'A6', 'A8']);\ncy.get('#addCarBrand').select('BMW');\ncy.get('#addCarBrand').contains('BMW').should('be.visible');\ncy.get('#addCarModel').contains('3').should('be.visible');\ncy.list_of_bmw_models(['3', '5', 'X5', 'X6', 'Z3']);\ncy.get('#addCarBrand').select('Ford');\ncy.get('#addCarBrand').contains('Ford').should('be.visible');\ncy.get('#addCarModel').contains('Fiesta').should('be.visible');\ncy.list_of_ford_models(['Fiesta', 'Focus', 'Fusion', 'Mondeo', 'Sierra']);\ncy.get('#addCarBrand').select('Porsche');\ncy.get('#addCarBrand').contains('Porsche').should('be.visible');\ncy.get('#addCarModel').contains('911').should('be.visible');\ncy.list_of_porsche_models(['911', 'Cayenne', 'Panamera']);\ncy.get('#addCarBrand').select('Fiat');\ncy.get('#addCarBrand').contains('Fiat').should('be.visible');\ncy.get('#addCarModel').contains('Palio').should('be.visible');\ncy.list_of_fiat_models(['Palio', 'Ducato', 'Panda', 'Punto', 'Scudo']);\ncy.get('#addCarMileage').type('qwe');\ncy.get('#addCarBrand').select('Audi');\ncy.get('#addCarMileage').should('be.empty');\ncy.contains('Mileage cost required').should('be.visible').and('have.css', 'color', 'rgb(220, 53, 69)');\ncy.get('#addCarMileage').type('-1');\ncy.contains('Mileage has to be from 0 to 999999').should('be.visible').and('have.css', 'color', 'rgb(220, 53, 69)');\ncy.get('#addCarMileage').clear();\ncy.get('#addCarMileage').type('0');\ncy.get('[class=\"btn btn-primary\"]').contains('Add').should('not.be.disabled');\ncy.get('#addCarMileage').clear();\ncy.get('#addCarMileage').type('9999991');\ncy.get('#addCarBrand').select('Audi');\ncy.contains('Mileage has to be from 0 to 999999').should('be.visible').and('have.css', 'color', 'rgb(220, 53, 69)');\ncy.get('[class=\"modal-content\"]').find('[class=\"btn btn-primary\"]').contains('Add').should('be.disabled');\ncy.get('#addCarMileage').clear();\ncy.get('#addCarMileage').type('200');\ncy.get('[class=\"btn btn-primary\"]').contains('Add').should('not.be.disabled');\ncy.get('[class=\"modal-content\"]').find('[class=\"btn btn-primary\"]').contains('Add').click();\ncy.get('[class=\"car_add-expense btn btn-success\"]').contains('Add fuel expense').should('be.visible');\ncy.get('[class=\"car_add-expense btn btn-success\"]').contains('Add fuel expense').click();\ncy.contains('Add an expense').should('be.visible');\ncy.get('[class=\"modal-content\"]').find('[class=\"btn btn-primary\"]').contains('Add').should('be.disabled');\ncy.update_mileage('20');\ncy.get('#addExpenseLiters').click();\ncy.get('#addExpenseTotalCost').click();\ncy.contains('Liters required').should('be.visible').and('have.css', 'color', 'rgb(220, 53, 69)');\ncy.get('#addExpenseLiters').click();\ncy.contains('Total cost required').should('be.visible').and('have.css', 'color', 'rgb(220, 53, 69)');\ncy.get('#addExpenseLiters').type('0.009');\ncy.contains('Liters has to be from 0.01 to 9999').should('be.visible').and('have.css', 'color', 'rgb(220, 53, 69)');\ncy.get('#addExpenseTotalCost').type('0');\ncy.contains('Total cost has to be from 0.01 to 1000000').should('be.visible').and('have.css', 'color', 'rgb(220, 53, 69)');\ncy.get('#addExpenseLiters').clear();\ncy.get('#addExpenseLiters').type('9998');\ncy.get('#addExpenseTotalCost').click();\ncy.get('#addExpenseTotalCost').clear();\ncy.get('#addExpenseTotalCost').type('1000000');\ncy.get('[class=\"modal-content\"]').find('[class=\"btn btn-primary\"]').contains('Add').should('not.be.disabled');\ncy.get('#addExpenseLiters').clear();\ncy.get('#addExpenseLiters').type('9999.01');\ncy.contains('Liters has to be from 0.01 to 9999').should('be.visible').and('have.css', 'color', 'rgb(220, 53, 69)');\ncy.get('#addExpenseTotalCost').clear();\ncy.get('#addExpenseTotalCost').type('1000000.01');\ncy.contains('Total cost has to be from 0.01 to 1000000').should('be.visible').and('have.css', 'color', 'rgb(220, 53, 69)');\ncy.get('#addExpenseLiters').clear();\ncy.get('#addExpenseLiters').type('5');\ncy.get('#addExpenseTotalCost').clear();\ncy.get('#addExpenseTotalCost').type('4');\ncy.get('[class=\"modal-content\"]').find('[class=\"btn btn-primary\"]').contains('Add').should('not.be.disabled');\ncy.get('[class=\"modal-content\"]').find('[class=\"btn btn-primary\"]').contains('Add').click();\ncy.get('[class=\"col-lg-9 main-wrapper\"]').find('h1').contains('Fuel expenses').should('be.visible');\ncy.get('[class=\"btn btn-white btn-sidebar sidebar_btn\"]').contains('Garage').click();\ncy.get('[class=\"icon icon-edit\"]').click();\ncy.get('[class=\"btn btn-outline-danger\"]').click();\ncy.get('[class=\"modal-content\"]').find('[class=\"btn btn-danger\"]').click();\ncy.contains('You don’t have any cars in your garage').should('be.visible');",
              "err": {},
              "uuid": "af7c12e4-6ff7-428b-b4fd-b6b12d0aa6ae",
              "parentUUID": "f3fb2d37-0916-460f-8843-7b8d4a5de8e4",
              "isHook": false,
              "skipped": false
            }
          ],
          "suites": [],
          "passes": [
            "af7c12e4-6ff7-428b-b4fd-b6b12d0aa6ae"
          ],
          "failures": [],
          "pending": [],
          "skipped": [],
          "duration": 18138,
          "root": false,
          "rootEmpty": false,
          "_timeout": 2000
        }
      ],
      "passes": [],
      "failures": [],
      "pending": [],
      "skipped": [],
      "duration": 0,
      "root": true,
      "rootEmpty": true,
      "_timeout": 2000
    }
  ],
  "meta": {
    "mocha": {
      "version": "7.0.1"
    },
    "mochawesome": {
      "options": {
        "quiet": false,
        "reportFilename": "mochawesome",
        "saveHtml": true,
        "saveJson": true,
        "consoleReporter": "spec",
        "useInlineDiffs": false,
        "code": true
      },
      "version": "7.1.3"
    },
    "marge": {
      "options": {
        "reportDir": "cypress/reports",
        "overwrite": false,
        "html": true,
        "json": true
      },
      "version": "6.2.0"
    }
  }
}